This file contains any messages produced by compilers while
running configure, to aid debugging if configure makes a mistake.

It was created by GNU C Library configure (see version.h), which was
generated by GNU Autoconf 2.72.  Invocation command line was

  $ ../configure --prefix=/usr

## --------- ##
## Platform. ##
## --------- ##

hostname = archlinux
uname -m = x86_64
uname -r = 6.19.12-zen1-1-zen
uname -s = Linux
uname -v = #1 ZEN SMP PREEMPT_DYNAMIC Sat, 11 Apr 2026 22:36:16 +0000

/usr/bin/uname -p = unknown
/bin/uname -X     = unknown

/bin/arch              = unknown
/usr/bin/arch -k       = unknown
/usr/convex/getsysinfo = unknown
/usr/bin/hostinfo      = unknown
/bin/machine           = unknown
/usr/bin/oslevel       = unknown
/bin/universe          = unknown

PATH: /home/nestos/.pyenv/shims/
PATH: /bin/
PATH: /home/nestos/.npm-global/bin/
PATH: /home/nestos/.local/bin/
PATH: /home/nestos/.local/share/gem/ruby/3.3.0/bin/
PATH: /bin/
PATH: /home/nestos/.npm-global/bin/
PATH: /home/nestos/.local/bin/
PATH: /home/nestos/.local/share/gem/ruby/3.3.0/bin/
PATH: /usr/local/sbin/
PATH: /usr/local/bin/
PATH: /usr/bin/
PATH: /home/nestos/.local/share/flatpak/exports/bin/
PATH: /var/lib/flatpak/exports/bin/
PATH: /usr/lib/jvm/default/bin/
PATH: /usr/bin/site_perl/
PATH: /usr/bin/vendor_perl/
PATH: /usr/bin/core_perl/
PATH: /usr/lib/rustup/bin/
PATH: /home/nestos/.exa/bin/


## ----------- ##
## Core tests. ##
## ----------- ##

configure:2695: looking for aux files: install-sh config.guess config.sub
configure:2708:  trying ../scripts/
configure:2719:   ../scripts/install-sh found
configure:2737:   ../scripts/config.guess found
configure:2737:   ../scripts/config.sub found
configure:2937: checking build system type
configure:2953: result: x86_64-pc-linux-gnu
configure:2973: checking host system type
configure:2988: result: x86_64-pc-linux-gnu
configure:3072: checking for gcc
configure:3093: found /bin/gcc
configure:3105: result: gcc
configure:3464: checking for C compiler version
configure:3473: gcc --version >&5
gcc (GCC) 15.2.1 20260209
Copyright (C) 2025 Free Software Foundation, Inc.
This is free software; see the source for copying conditions.  There is NO
warranty; not even for MERCHANTABILITY or FITNESS FOR A PARTICULAR PURPOSE.

configure:3484: $? = 0
configure:3473: gcc -v >&5
Using built-in specs.
COLLECT_GCC=gcc
COLLECT_LTO_WRAPPER=/usr/lib/gcc/x86_64-pc-linux-gnu/15.2.1/lto-wrapper
Target: x86_64-pc-linux-gnu
Configured with: /build/gcc/src/gcc/configure --enable-languages=ada,c,c++,d,fortran,go,lto,m2,objc,obj-c++,rust,cobol --enable-bootstrap --prefix=/usr --libdir=/usr/lib --libexecdir=/usr/lib --mandir=/usr/share/man --infodir=/usr/share/info --with-bugurl=https://gitlab.archlinux.org/archlinux/packaging/packages/gcc/-/issues --with-build-config=bootstrap-lto --with-linker-hash-style=gnu --with-system-zlib --enable-__cxa_atexit --enable-cet=auto --enable-checking=release --enable-clocale=gnu --enable-default-pie --enable-default-ssp --enable-gnu-indirect-function --enable-gnu-unique-object --enable-libstdcxx-backtrace --enable-link-serialization=1 --enable-linker-build-id --enable-lto --enable-multilib --enable-plugin --enable-shared --enable-threads=posix --disable-libssp --disable-libstdcxx-pch --disable-werror
Thread model: posix
Supported LTO compression algorithms: zlib zstd
gcc version 15.2.1 20260209 (GCC) 
configure:3484: $? = 0
configure:3473: gcc -V >&5
gcc: error: unrecognized command-line option '-V'
gcc: fatal error: no input files
compilation terminated.
configure:3484: $? = 1
configure:3473: gcc -qversion >&5
gcc: error: unrecognized command-line option '-qversion'; did you mean '--version'?
gcc: fatal error: no input files
compilation terminated.
configure:3484: $? = 1
configure:3473: gcc -version >&5
gcc: error: unrecognized command-line option '-version'
gcc: fatal error: no input files
compilation terminated.
configure:3484: $? = 1
configure:3489: checking for suffix of object files
configure:3512: gcc -c   conftest.c >&5
configure:3516: $? = 0
configure:3540: result: o
configure:3544: checking whether the compiler supports GNU C
configure:3564: gcc -c   conftest.c >&5
configure:3564: $? = 0
configure:3576: result: yes
configure:3587: checking whether gcc accepts -g
configure:3608: gcc -c -g  conftest.c >&5
configure:3608: $? = 0
configure:3655: result: yes
configure:3675: checking for gcc option to enable C11 features
configure:3690: gcc  -c -g -O2  conftest.c >&5
configure:3690: $? = 0
configure:3709: result: none needed
configure:3987: checking for g++
configure:4008: found /bin/g++
configure:4020: result: g++
configure:4047: checking for C++ compiler version
configure:4056: g++ --version >&5
g++ (GCC) 15.2.1 20260209
Copyright (C) 2025 Free Software Foundation, Inc.
This is free software; see the source for copying conditions.  There is NO
warranty; not even for MERCHANTABILITY or FITNESS FOR A PARTICULAR PURPOSE.

configure:4067: $? = 0
configure:4056: g++ -v >&5
Using built-in specs.
COLLECT_GCC=g++
COLLECT_LTO_WRAPPER=/usr/lib/gcc/x86_64-pc-linux-gnu/15.2.1/lto-wrapper
Target: x86_64-pc-linux-gnu
Configured with: /build/gcc/src/gcc/configure --enable-languages=ada,c,c++,d,fortran,go,lto,m2,objc,obj-c++,rust,cobol --enable-bootstrap --prefix=/usr --libdir=/usr/lib --libexecdir=/usr/lib --mandir=/usr/share/man --infodir=/usr/share/info --with-bugurl=https://gitlab.archlinux.org/archlinux/packaging/packages/gcc/-/issues --with-build-config=bootstrap-lto --with-linker-hash-style=gnu --with-system-zlib --enable-__cxa_atexit --enable-cet=auto --enable-checking=release --enable-clocale=gnu --enable-default-pie --enable-default-ssp --enable-gnu-indirect-function --enable-gnu-unique-object --enable-libstdcxx-backtrace --enable-link-serialization=1 --enable-linker-build-id --enable-lto --enable-multilib --enable-plugin --enable-shared --enable-threads=posix --disable-libssp --disable-libstdcxx-pch --disable-werror
Thread model: posix
Supported LTO compression algorithms: zlib zstd
gcc version 15.2.1 20260209 (GCC) 
configure:4067: $? = 0
configure:4056: g++ -V >&5
g++: error: unrecognized command-line option '-V'
g++: fatal error: no input files
compilation terminated.
configure:4067: $? = 1
configure:4056: g++ -qversion >&5
g++: error: unrecognized command-line option '-qversion'; did you mean '--version'?
g++: fatal error: no input files
compilation terminated.
configure:4067: $? = 1
configure:4071: checking whether the compiler supports GNU C++
configure:4091: g++ -c   conftest.cpp >&5
configure:4091: $? = 0
configure:4103: result: yes
configure:4114: checking whether g++ accepts -g
configure:4135: g++ -c -g  conftest.cpp >&5
configure:4135: $? = 0
configure:4182: result: yes
configure:4202: checking for g++ option to enable C++11 features
configure:4217: g++  -c -g -O2  conftest.cpp >&5
conftest.cpp: In function 'int main(int, char**)':
conftest.cpp:177:25: warning: empty parentheses were disambiguated as a function declaration [-Wvexing-parse]
  177 |   cxx11test::delegate d2();
      |                         ^~
conftest.cpp:177:25: note: remove parentheses to default-initialize a variable
  177 |   cxx11test::delegate d2();
      |                         ^~
      |                         --
conftest.cpp:177:25: note: or replace parentheses with braces to value-initialize a variable
configure:4217: $? = 0
configure:4236: result: none needed
configure:4314: checking whether g++ can link programs
configure:4338: g++ -o conftest -g -O2   conftest.cpp  >&5
configure:4338: $? = 0
configure:4364: g++ -o conftest -g -O2   -static conftest.cpp  >&5
configure:4364: $? = 0
configure:4383: result: yes
configure:4840: gcc -E  conftest.c
conftest.c:18:3: error: #error no CET compiler support
   18 | # error no CET compiler support
      |   ^~~~~
configure:4840: $? = 1
configure: failed program was:
| /* confdefs.h */
| #define PACKAGE_NAME "GNU C Library"
| #define PACKAGE_TARNAME "glibc"
| #define PACKAGE_VERSION "(see version.h)"
| #define PACKAGE_STRING "GNU C Library (see version.h)"
| #define PACKAGE_BUGREPORT "https://sourceware.org/bugzilla/"
| #define PACKAGE_URL "https://www.gnu.org/software/glibc/"
| #define PKGVERSION "(GNU libc) "
| #define REPORT_BUGS_TO "<https://www.gnu.org/software/libc/bugs.html>"
| #define TIMEOUTFACTOR 1
| /* end confdefs.h.  */
| 
| int
| main (void)
| {
| 
| #ifndef __CET__
| # error no CET compiler support
| #endif
|   ;
|   return 0;
| }
configure:4950: checking for sysdeps preconfigure fragments
configure:6: checking for egrep -e
configure:136: result: /bin/grep -E
configure:6: checking for egrep -e
configure:136: result: /bin/grep -E
configure:9: checking whether gcc compiles in -mx32 mode by default
configure:28: gcc -c -g -O2  conftest.c >&5
conftest.c:14:3: error: #error not x32
   14 | # error not x32
      |   ^~~~~
configure:28: $? = 1
configure: failed program was:
| /* confdefs.h */
| #define PACKAGE_NAME "GNU C Library"
| #define PACKAGE_TARNAME "glibc"
| #define PACKAGE_VERSION "(see version.h)"
| #define PACKAGE_STRING "GNU C Library (see version.h)"
| #define PACKAGE_BUGREPORT "https://sourceware.org/bugzilla/"
| #define PACKAGE_URL "https://www.gnu.org/software/glibc/"
| #define PKGVERSION "(GNU libc) "
| #define REPORT_BUGS_TO "<https://www.gnu.org/software/libc/bugs.html>"
| #define TIMEOUTFACTOR 1
| #define USE_PPC_SCV 1
| /* end confdefs.h.  */
| #ifndef __ILP32__
| # error not x32
| #endif
| int
| main (void)
| {
| 
|   ;
|   return 0;
| }
configure:38: result: no
configure:4957: result: 
configure:5003: checking for a BSD-compatible install
configure:5077: result: /bin/install -c
configure:5092: checking whether ln -s works
configure:5096: result: yes
configure:5300: checking for ld
configure:5333: result: ld
configure:5348: checking version of ld
configure:5358: result: 2.46, ok
configure:5375: checking for gnumake
configure:5411: result: no
configure:5375: checking for gmake
configure:5411: result: no
configure:5375: checking for make
configure:5396: found /bin/make
configure:5408: result: make
configure:5423: checking version of make
configure:5433: result: 4.4.1, ok
configure:5445: checking for gnumsgfmt
configure:5481: result: no
configure:5445: checking for gmsgfmt
configure:5481: result: no
configure:5445: checking for msgfmt
configure:5466: found /bin/msgfmt
configure:5478: result: msgfmt
configure:5493: checking version of msgfmt
configure:5503: result: 1.0, ok
configure:5514: checking for makeinfo
configure:5535: found /bin/makeinfo
configure:5547: result: makeinfo
configure:5562: checking version of makeinfo
configure:5572: result: 7.3, ok
configure:5583: checking for sed
configure:5604: found /bin/sed
configure:5616: result: sed
configure:5631: checking version of sed
configure:5641: result: 4.9, ok
configure:5652: checking for gawk
configure:5673: found /bin/gawk
configure:5685: result: gawk
configure:5700: checking version of gawk
configure:5710: result: 5.4.0, ok
configure:5721: checking for bison
configure:5742: found /bin/bison
configure:5754: result: bison
configure:5769: checking version of bison
configure:5779: result: 3.8.2, ok
configure:5788: checking if gcc is sufficient to build libc
configure:5809: gcc -E  conftest.c
configure:5809: $? = 0
configure:5819: result: yes
configure:5909: checking for python3
configure:5930: found /home/nestos/.pyenv/shims/python3
configure:5942: result: python3
configure:5957: checking version of python3
configure:5967: result: 3.14.4, ok
configure:5992: checking for use of fpu sysdeps directories
configure:6013: result: yes
configure:6030: checking for clang in testing
configure:6037: gcc -g -O2  -c conftest.c -o conftest 1>&5
conftest.c:3:2: error: #error Not Clang!
    3 | #error Not Clang!
      |  ^~~~~
configure:6040: $? = 1
configure:6049: result: no
configure:6065: checking for clang++ in testing
configure:6072: g++ -g -O2  -c conftest.cc -o conftest 1>&5
conftest.cc:3:2: error: #error Not Clang!
    3 | #error Not Clang!
      |  ^~~~~
configure:6075: $? = 1
configure:6084: result: no
configure:6136: checking for -fstack-protector
configure:6143: gcc -Werror -fstack-protector -xc /dev/null -S -o /dev/null
configure:6146: $? = 0
configure:6156: result: yes
configure:6192: checking for -fstack-protector-strong
configure:6199: gcc -g -O2  -Werror -fstack-protector-strong -xc /dev/null -S -o /dev/null
configure:6202: $? = 0
configure:6213: result: yes
configure:6216: checking for -fstack-protector-all
configure:6223: gcc -g -O2  -Werror -fstack-protector-all -xc /dev/null -S -o /dev/null
configure:6226: $? = 0
configure:6237: result: yes
configure:6285: checking for assembler and linker STT_GNU_IFUNC support

Relocation section '.rela.dyn' at offset 0x2b8 contains 1 entry:
  Offset          Info           Type           Sym. Value    Sym. Name + Addend
000000003000  000000000025 R_X86_64_IRELATIV                    1000
configure:6318: result: yes
configure:6322: checking for gcc attribute ifunc support
configure:6350: result: yes
configure:6355: checking whether the linker supports textrels along with ifunc
configure:6386: gcc -g -O2   -nostartfiles -nostdlib -fno-stack-protector -pie -o conftest conftest.S
/usr/bin/ld: /tmp/cc2FKoQv.o: warning: relocation against `address' in read-only section `.text'
/usr/bin/ld: warning: GNU indirect functions with DT_TEXTREL may result in a segfault at runtime; recompile with -fPIE
/usr/bin/ld: warning: creating DT_TEXTREL in a PIE
configure:6389: $? = 0
configure:6397: result: yes
configure:6402: checking for GNU attribute retain support
configure:6419: result: yes
configure:6429: checking if compiler warns about alias for function with incompatible types
conftest.c:9:34: error: 'foo_alias' alias between functions of incompatible types 'int(const void *, int)' and 'int (*(void))(const void *, int)' [-Werror=attribute-alias=]
    9 | extern __typeof (__redirect_foo) foo_alias __attribute__ ((alias ("foo")));
      |                                  ^~~~~~~~~
conftest.c:4:28: note: aliased declaration here
    4 | __typeof (__redirect_foo) *foo_impl (void)
      |                            ^~~~~~~~
cc1: all warnings being treated as errors
configure:6453: result: yes
configure:6491: checking sysdep dirs
configure:6689: result: sysdeps/generic
configure:6740: checking LD_LIBRARY_PATH variable
configure:6750: result: ok
configure:6761: checking for bash
configure:6784: found /bin/bash
configure:6798: result: /bin/bash
configure:6809: checking for perl
configure:6832: found /bin/perl
configure:6846: result: /bin/perl
configure:6860: checking for install-info
configure:6884: found /bin/install-info
configure:6898: result: /bin/install-info
configure:6907: checking for .set assembler directive
configure:6935: result: yes
configure:6942: checking linker support for protected data symbol
configure:6953: gcc -nostdlib -nostartfiles -fno-stack-protector -fPIC -shared conftest.c -o conftest.so
configure:6956: $? = 0
configure:6963: gcc -nostdlib -nostartfiles -fno-stack-protector conftest.c -o conftest conftest.so
/usr/bin/ld: /tmp/cco0ZrGG.o: copy relocation against non-copyable protected symbol `bar' in conftest.so
collect2: error: ld returned 1 exit status
configure:6966: $? = 1
configure:6975: result: no
configure:6979: checking linker support for INSERT in linker script
configure:6998: gcc -nostdlib -nostartfiles -fno-stack-protector -fPIC -shared conftest.c -Wl,-T,conftest.t -o conftest.so
configure:7001: $? = 0
configure:7009: result: yes
configure:7013: checking for broken __attribute__((alias()))
configure:7029: gcc -Werror -S conftest.c -o conftest.s 1>&5
configure:7032: $? = 0
configure:7043: result: no
configure:7049: checking whether to put _rtld_local into .sdata section
configure:7065: result: no
configure:7072: checking for libunwind-support in compiler
configure:7091: result: no
configure:7100: checking whether --noexecstack is desirable for .S files
configure:7111: gcc -g -O2 
		   -S -o conftest.s conftest.c 1>&5
configure:7114: $? = 0
configure:7119: gcc  -Wa,--noexecstack
		      -c -o conftest.o conftest.s 1>&5
configure:7122: $? = 0
configure:7132: result: yes
configure:7139: checking for linker that supports --no-error-execstack
configure:7151: gcc -g -O2   -fno-stack-protector
		  -Wl,--no-error-execstack -nostdlib -nostartfiles
		  -fPIC -shared -o conftest.so conftest.c
		  1>&5
configure:7154: $? = 0
configure:7172: result: yes
configure:7176: checking for linker that supports -z execstack
configure:7186: gcc -g -O2   -fno-stack-protector
		  -Wl,-z,execstack -nostdlib -nostartfiles
		  -fPIC -shared -o conftest.so conftest.c
		  1>&5
configure:7189: $? = 0
configure:7206: result: yes
configure:7210: checking for linker that supports -z start-stop-gc
configure:7220: gcc -g -O2   -fno-stack-protector
		  -Wl,-z,start-stop-gc -nostdlib -nostartfiles
		  -fPIC -shared -o conftest.so conftest.c
		  1>&5
configure:7223: $? = 0
configure:7240: result: yes
configure:7245: checking for linker that supports --depaudit
configure:7257: gcc -g -O2   -fno-stack-protector
		  -Wl,--depaudit,x -nostdlib -nostartfiles
		  -fPIC -shared -o conftest.so conftest.c
		  1>&5
configure:7260: $? = 0
configure:7278: result: yes
configure:7283: checking for linker that supports -z pack-relative-relocs
configure:7293: gcc -g -O2   -fno-stack-protector
		  -Wl,-z,pack-relative-relocs -nostdlib -nostartfiles
		  -fPIC -shared -o conftest.so conftest.c
		  1>&5
configure:7296: $? = 0
configure:7313: result: yes
configure:7318: checking for linker that supports --no-dynamic-linker
configure:7328: gcc -g -O2   -fno-stack-protector
		  -Wl,--no-dynamic-linker -nostdlib -nostartfiles
		  -fPIC -shared -o conftest.so conftest.c
		  1>&5
configure:7331: $? = 0
configure:7348: result: yes
configure:7354: checking for -static-pie
configure:7361: gcc -static-pie -xc /dev/null -S -o /dev/null
configure:7364: $? = 0
configure:7374: result: yes
configure:7414: checking for -fpie
configure:7421: gcc -fpie -xc /dev/null -S -o /dev/null
configure:7424: $? = 0
configure:7435: result: yes
configure:7440: checking for -Wno-discarded-qualifiers
configure:7447: gcc -Werror -Wno-discarded-qualifiers -xc /dev/null -S -o /dev/null
configure:7450: $? = 0
configure:7476: result: -Wno-discarded-qualifiers
configure:7481: checking for GLOB_DAT reloc
configure:7495: gcc -g -O2  
			-fPIC -shared -o conftest.so conftest.c
			-nostdlib -nostartfiles -fno-stack-protector
			1>&5
configure:7498: $? = 0
configure:7512: result: yes
configure:7530: checking for tls descriptor support in testing
configure:7537: gcc -g -O2  -fPIC -mtls-dialect=gnu2 -nostdlib -nostartfiles -shared conftest.c -o conftest 1>&5
configure:7540: $? = 0
configure:7549: result: gnu2
configure:7565: checking for traditional tls support in testing
configure:7572: gcc -g -O2  -fPIC -mtls-dialect=gnu -nostdlib -nostartfiles -shared conftest.c -o conftest 1>&5
configure:7575: $? = 0
configure:7584: result: gnu
configure:7593: checking for -Wno-maybe-uninitialized
configure:7600: gcc -Werror -Wno-maybe-uninitialized -xc /dev/null -S -o /dev/null
configure:7603: $? = 0
configure:7614: result: -Wno-maybe-uninitialized
configure:7619: checking whether cc puts quotes around section names
configure:7642: result: no
configure:7649: checking for __builtin_memset
configure:7662: gcc -O3 -S conftest.c -o - | grep -F memset > /dev/null
configure:7665: $? = 1
configure:7675: result: yes
configure:7682: checking for 64-bit atomic support
configure:7701: gcc -O2 -S conftest.c
configure:7704: $? = 0
configure:7714: result: yes
configure:7724: checking for compiler option to disable generation of FMA instructions
configure:7733: gcc -ffp-contract=off -xc /dev/null -S -o /dev/null
configure:7736: $? = 0
configure:7744: result: -ffp-contract=off
configure:7780: checking for compiler option that -fsignaling-nans
configure:7787: gcc -Werror -fsignaling-nans -xc /dev/null -S -o /dev/null
configure:7790: $? = 0
configure:7800: result: -fsignaling-nans
configure:7843: checking -fsemantic-interposition in testing
configure:7850: gcc -Werror -fsemantic-interposition -xc /dev/null -S -o /dev/null
configure:7853: $? = 0
configure:7864: result: yes
configure:7877: checking for -ffloat-store in testing
configure:7884: gcc -Werror -ffloat-store -xc /dev/null -S -o /dev/null
configure:7887: $? = 0
configure:7897: result: -ffloat-store
configure:7915: checking if __attribute__ ((__optimize__("-fno-tree-loop-distribute-patterns"))) works
configure:7922: gcc -g -O2  -c -Werror conftest.c -o conftest 1>&5
configure:7925: $? = 0
configure:7935: result: yes
configure:7982: checking for -Wimplicit-fallthrough
configure:7989: gcc -Werror -Wimplicit-fallthrough -xc /dev/null -S -o /dev/null
configure:7992: $? = 0
configure:8002: result: -Wimplicit-fallthrough
configure:8045: checking for -Wfree-labels
configure:8052: gcc -Werror -Wfree-labels -xc /dev/null -S -o /dev/null
configure:8055: $? = 0
configure:8065: result: -Wfree-labels
configure:8105: checking for -Wmissing-parameter-name
configure:8112: gcc -Werror -Wmissing-parameter-name -xc /dev/null -S -o /dev/null
configure:8115: $? = 0
configure:8125: result: -Wmissing-parameter-name
configure:8182: checking support for trampolines in testing
configure:8189: gcc -g -O2  -c -Werror conftest.c -o conftest 1>&5
configure:8192: $? = 0
configure:8202: result: yes
configure:8215: checking -Wno-restrict in testing
configure:8222: gcc -Werror -Wno-restrict -xc /dev/null -S -o /dev/null
configure:8225: $? = 0
configure:8236: result: -Wno-restrict
configure:8249: checking -Wno-fortify-source in testing
configure:8256: gcc -Werror -Wno-fortify-source -xc /dev/null -S -o /dev/null
configure:8259: $? = 0
configure:8270: result: -Wno-fortify-source
configure:8283: checking -finput-charset=ascii in testing
configure:8290: gcc -Werror -finput-charset=ascii -xc /dev/null -S -o /dev/null
configure:8293: $? = 0
configure:8304: result: -finput-charset=ascii
configure:8317: checking g++ -finput-charset=ascii in testing
configure:8324: g++ -Werror -finput-charset=ascii -xc++ /dev/null -S -o /dev/null
configure:8327: $? = 0
configure:8338: result: -finput-charset=ascii
configure:8371: checking for STB_GNU_UNIQUE in testing
configure:8378: g++ -g -O2  -c conftest.cc -o conftest 1>&5
configure:8381: $? = 0
configure:8397: result: yes
configure:8406: checking for libgd
configure:8426: gcc -o conftest -g -O2     conftest.c  -lgd -lpng -lz -lm >&5
configure:8426: $? = 0
configure:8441: result: yes
configure:8450: checking for is_selinux_enabled in -lselinux
configure:8479: gcc -o conftest -g -O2   conftest.c -lselinux   >&5
configure:8479: $? = 0
configure:8491: result: yes
configure:8514: checking for audit_log_user_avc_message in -laudit
configure:8543: gcc -o conftest -g -O2   conftest.c -laudit   >&5
configure:8543: $? = 0
configure:8555: result: yes
configure:8573: checking for cap_init in -lcap
configure:8602: gcc -o conftest -g -O2   conftest.c -lcap   >&5
configure:8602: $? = 0
configure:8614: result: yes
configure:8637: checking for maximum supported _FORTIFY_SOURCE level
configure:8655: gcc -o conftest -g -O2   conftest.c  >&5
configure:8655: $? = 0
configure:8667: result: 3
configure:8758: gcc -E  conftest.c
conftest.c:32:3: error: #error _FILE_OFFSET_BITS not defined
   32 | # error _FILE_OFFSET_BITS not defined
      |   ^~~~~
configure:8758: $? = 1
configure: failed program was:
| /* confdefs.h */
| #define PACKAGE_NAME "GNU C Library"
| #define PACKAGE_TARNAME "glibc"
| #define PACKAGE_VERSION "(see version.h)"
| #define PACKAGE_STRING "GNU C Library (see version.h)"
| #define PACKAGE_BUGREPORT "https://sourceware.org/bugzilla/"
| #define PACKAGE_URL "https://www.gnu.org/software/glibc/"
| #define PKGVERSION "(GNU libc) "
| #define REPORT_BUGS_TO "<https://www.gnu.org/software/libc/bugs.html>"
| #define TIMEOUTFACTOR 1
| #define USE_PPC_SCV 1
| #define HAVE_CC_NO_STACK_PROTECTOR 1
| #define HAVE_TEST_CC_NO_STACK_PROTECTOR 1
| #define STACK_PROTECTOR_LEVEL 0
| #define HAVE_GNU_RETAIN 1
| #define USE_MULTIARCH 1
| #define HAVE_ASM_SET_DIRECTIVE 1
| #define HAVE_BUILTIN_MEMSET 1
| #define HAVE_64B_ATOMICS 1
| #define HAVE_CC_INHIBIT_LOOP_TO_LIBCALL 1
| #define HAVE_TEST_CC_INHIBIT_LOOP_TO_LIBCALL 1
| #define HAVE_SELINUX 1
| #define HAVE_LIBAUDIT 1
| #define HAVE_LIBCAP 1
| /* end confdefs.h.  */
| 
| int
| main (void)
| {
| 
| #ifndef _FILE_OFFSET_BITS
| # error _FILE_OFFSET_BITS not defined
| #endif
|   ;
|   return 0;
| }
configure:8788: gcc -E  conftest.c
conftest.c:32:3: error: #error _TIME_BITS not defined
   32 | # error _TIME_BITS not defined
      |   ^~~~~
configure:8788: $? = 1
configure: failed program was:
| /* confdefs.h */
| #define PACKAGE_NAME "GNU C Library"
| #define PACKAGE_TARNAME "glibc"
| #define PACKAGE_VERSION "(see version.h)"
| #define PACKAGE_STRING "GNU C Library (see version.h)"
| #define PACKAGE_BUGREPORT "https://sourceware.org/bugzilla/"
| #define PACKAGE_URL "https://www.gnu.org/software/glibc/"
| #define PKGVERSION "(GNU libc) "
| #define REPORT_BUGS_TO "<https://www.gnu.org/software/libc/bugs.html>"
| #define TIMEOUTFACTOR 1
| #define USE_PPC_SCV 1
| #define HAVE_CC_NO_STACK_PROTECTOR 1
| #define HAVE_TEST_CC_NO_STACK_PROTECTOR 1
| #define STACK_PROTECTOR_LEVEL 0
| #define HAVE_GNU_RETAIN 1
| #define USE_MULTIARCH 1
| #define HAVE_ASM_SET_DIRECTIVE 1
| #define HAVE_BUILTIN_MEMSET 1
| #define HAVE_64B_ATOMICS 1
| #define HAVE_CC_INHIBIT_LOOP_TO_LIBCALL 1
| #define HAVE_TEST_CC_INHIBIT_LOOP_TO_LIBCALL 1
| #define HAVE_SELINUX 1
| #define HAVE_LIBAUDIT 1
| #define HAVE_LIBCAP 1
| /* end confdefs.h.  */
| 
| int
| main (void)
| {
| 
| #ifndef _TIME_BITS
| # error _TIME_BITS not defined
| #endif
|   ;
|   return 0;
| }
configure:8804: checking whether the assembler requires one version per symbol
configure:8827: result: no
configure:8834: checking for __builtin_trap with no external dependencies
configure:8852: gcc -c -g -O2  conftest.c >&5
configure:8852: $? = 0
libc_undefs=''
configure:8868: result: yes
configure:8875: checking whether the compiler supports __attribute__ ((aligned (65536)))
configure:8888: gcc -c -g -O2  conftest.c >&5
configure:8888: $? = 0
configure:8899: result: yes
configure:8911: checking whether the C++ compiler supports thread_local
configure:8940: g++ -c -g -O2 -std=gnu++11  conftest.cpp >&5
configure:8940: $? = 0
configure:8952: result: yes
configure:8984: result: running configure fragment for sysdeps/unix/sysv/linux/x86_64/64
configure:8984: result: running configure fragment for sysdeps/unix/sysv/linux/x86_64
configure:8984: result: running configure fragment for sysdeps/unix/sysv/linux
configure:10: checking installed Linux kernel header files
configure:30: gcc -E  conftest.c
configure:30: $? = 0
configure:40: result: 3.2.0 or later
configure:74: checking for kernel header at least 3.2.0
configure:93: gcc -E  conftest.c
configure:93: $? = 0
configure:101: result: ok
configure:148: checking for symlinks in /usr/include
configure:165: result: ok
configure:8984: result: running configure fragment for sysdeps/gnu
configure:8984: result: running configure fragment for sysdeps/x86_64
configure:5: checking for -mprefer-vector-width=128
configure:12: gcc -mprefer-vector-width=128 -xc /dev/null -S -o /dev/null
configure:15: $? = 0
configure:25: result: yes
configure:63: checking for linker that supports -z mark-plt
configure:73: gcc -g -O2   -fno-stack-protector
		  -Wl,-z,mark-plt -Wl,--fatal-warnings -nostdlib -nostartfiles
		  -fPIC -shared -o conftest.so conftest.c
		  1>&5
configure:76: $? = 0
configure:93: result: yes
configure:221: checking whether -mamx-tile works properly in testing
configure:228: gcc -g -O2  -E -mamx-tile conftest.c -o conftest 1>&5
configure:231: $? = 0
configure:250: result: yes
configure:260: checking whether -mapxf is enabled
configure:273: gcc -c -g -O2 conftest.c -o conftest.o 1>&5
conftest.c:2:16: warning: missing terminating ' character
    2 | # error APX isn't enabled
      |                ^
conftest.c:2:3: error: #error APX isn't enabled
    2 | # error APX isn't enabled
      |   ^~~~~
configure:276: $? = 1
configure:283: result: no
configure:8984: result: running configure fragment for sysdeps/x86
configure:5: checking for linker x86 ISA level support
configure:63: gcc -g -O2  -nostartfiles -nostdlib -r -o conftest conftest1.S conftest2.S
configure:66: $? = 0
configure:76: result: yes
configure:81: checking for LAHF/SAHF instruction support
configure:89: gcc -g -O2  -fverbose-asm -S -o - -x c /dev/null
configure:92: $? = 0
configure:98: result: no
configure:105: checking for MOVBE instruction support
configure:113: gcc -g -O2  -fverbose-asm -S -o - -x c /dev/null
configure:116: $? = 0
configure:122: result: no
configure:131: checking for ISA level support
configure:157: result: baseline
configure:186: checking if -mfpmath=387 works in testing
configure:193: gcc -Werror -mfpmath=387 -xc /dev/null -S -o /dev/null
configure:196: $? = 0
configure:207: result: yes
configure:228: checking if no direct extern access is enabled by default
configure:235: gcc -g -O2  -S -O2 -fno-pic conftest.c -o conftest 1>&5
configure:238: $? = 0
configure:266: result: 
configure:274: checking if -mno-direct-extern-access works in testing
configure:281: gcc -Werror -mno-direct-extern-access -xc /dev/null -S -o /dev/null
configure:284: $? = 0
configure:295: result: yes
configure:306: checking if -fno-direct-access-external-data works in testing
configure:313: gcc -Werror -fno-direct-access-external-data -xc /dev/null -S -o /dev/null
gcc: error: unrecognized command-line option '-fno-direct-access-external-data'
configure:316: $? = 1
configure:327: result: no
configure:356: checking if -Os inlines trunc
configure:363: gcc -g -O2  -S -Os -msse4.1 conftest.c -o conftest 1>&5
configure:366: $? = 0
configure:384: result: no
configure:403: checking for __libgcc_cmp_return__ mode attribute support
configure:410: gcc -g -O2  -g -O2 -c conftest.c -o conftest 1>&5
configure:413: $? = 0
configure:422: result: yes
configure:443: checking if compiler inlines __builtin_fmod/__builtin_remainder
configure:450: gcc -g -O2  -g -O2 -fno-math-errno -S conftest.c -o conftest 1>&5
configure:453: $? = 0
configure:471: result: yes
configure:9049: checking whether -fPIC is default
conftest.c:2:3: error: #error PIC is default.
    2 | # error PIC is default.
      |   ^~~~~
configure:9067: result: yes
configure:9072: checking whether -fPIE is default
conftest.c:2:3: error: #error PIE is default.
    2 | # error PIE is default.
      |   ^~~~~
configure:9090: result: yes
configure:9099: checking PDE load address
configure:9127: result: 0x0000000000400000
configure:9135: checking for linker that supports -Ttext-segment=0x0000000000400000
configure:9145: gcc -g -O2   -fno-stack-protector
		  -Wl,-Ttext-segment=0x0000000000400000 -nostdlib -nostartfiles
		  -fPIC -shared -o conftest.so conftest.c
		  1>&5
configure:9148: $? = 0
configure:9165: result: yes
configure:9172: checking if compiler supports -fno-fp-int-builtin-inexact
configure:9179: gcc -Werror -fno-fp-int-builtin-inexact -xc /dev/null -S -o /dev/null
configure:9182: $? = 0
configure:9192: result: -fno-fp-int-builtin-inexact
configure:9231: checking for linker that supports --undefined-version
configure:9241: gcc -g -O2   -fno-stack-protector
		  -Wl,--undefined-version -nostdlib -nostartfiles
		  -fPIC -shared -o conftest.so conftest.c
		  1>&5
configure:9244: $? = 0
configure:9261: result: yes
configure:9266: checking if we can build programs as PIE
configure:9274: gcc -c -g -O2  conftest.c >&5
configure:9274: $? = 0
configure:9282: result: yes
configure:9294: checking if we can build static PIE programs
configure:9305: gcc -c -g -O2  conftest.c >&5
configure:9305: $? = 0
configure:9314: result: yes
configure:9335: checking whether gcc can link against -lgcc_s
configure:9354: gcc -o conftest -g -O2   conftest.c  -lgcc_s >&5
configure:9354: $? = 0
configure:9366: result: yes
configure:9530: checking attribute can declared after function declaration
configure:9548: result: yes
configure:9676: creating ./config.status

## ---------------------- ##
## Running config.status. ##
## ---------------------- ##

This file was extended by GNU C Library config.status (see version.h), which was
generated by GNU Autoconf 2.72.  Invocation command line was

  CONFIG_FILES    = 
  CONFIG_HEADERS  = 
  CONFIG_LINKS    = 
  CONFIG_COMMANDS = 
  $ ./config.status 

on archlinux

config.status:1015: creating config.make
config.status:1015: creating Makefile
config.status:1015: creating config.h
config.status:1189: executing default commands

## ---------------- ##
## Cache variables. ##
## ---------------- ##

ac_cv_build=x86_64-pc-linux-gnu
ac_cv_c_compiler_gnu=yes
ac_cv_cxx_compiler_gnu=yes
ac_cv_env_CCC_set=
ac_cv_env_CCC_value=
ac_cv_env_CC_set=
ac_cv_env_CC_value=
ac_cv_env_CFLAGS_set=
ac_cv_env_CFLAGS_value=
ac_cv_env_CPPFLAGS_set=
ac_cv_env_CPPFLAGS_value=
ac_cv_env_CPP_set=
ac_cv_env_CPP_value=
ac_cv_env_CXXFLAGS_set=
ac_cv_env_CXXFLAGS_value=
ac_cv_env_CXX_set=
ac_cv_env_CXX_value=
ac_cv_env_LDFLAGS_set=
ac_cv_env_LDFLAGS_value=
ac_cv_env_LIBS_set=
ac_cv_env_LIBS_value=
ac_cv_env_TEST_CC_set=
ac_cv_env_TEST_CC_value=
ac_cv_env_TEST_CXX_set=
ac_cv_env_TEST_CXX_value=
ac_cv_env_build_alias_set=
ac_cv_env_build_alias_value=
ac_cv_env_host_alias_set=
ac_cv_env_host_alias_value=
ac_cv_env_target_alias_set=
ac_cv_env_target_alias_value=
ac_cv_host=x86_64-pc-linux-gnu
ac_cv_lib_audit_audit_log_user_avc_message=yes
ac_cv_lib_cap_cap_init=yes
ac_cv_lib_selinux_is_selinux_enabled=yes
ac_cv_objext=o
ac_cv_path_BASH_SHELL=/bin/bash
ac_cv_path_EGREP_TRADITIONAL='/bin/grep -E'
ac_cv_path_INSTALL_INFO=/bin/install-info
ac_cv_path_PERL=/bin/perl
ac_cv_path_install='/bin/install -c'
ac_cv_prog_AWK=gawk
ac_cv_prog_BISON=bison
ac_cv_prog_LD=ld
ac_cv_prog_MAKE=make
ac_cv_prog_MAKEINFO=makeinfo
ac_cv_prog_MSGFMT=msgfmt
ac_cv_prog_PYTHON_PROG=python3
ac_cv_prog_SED=sed
ac_cv_prog_ac_ct_CC=gcc
ac_cv_prog_ac_ct_CXX=g++
ac_cv_prog_cc_c11=
ac_cv_prog_cc_g=yes
ac_cv_prog_cc_stdc=
ac_cv_prog_cxx_cxx11=
ac_cv_prog_cxx_g=yes
ac_cv_prog_cxx_stdcxx=
libc_cv_aligned_65536=yes
libc_cv_as_noexecstack=yes
libc_cv_asm_set_directive=yes
libc_cv_attr_after_func_decl=yes
libc_cv_broken_alias_attribute=no
libc_cv_builtin_trap=yes
libc_cv_cc_cflags_no_direct_extern_access=no
libc_cv_cc_loop_to_function=yes
libc_cv_cc_mprefer_vector_width=yes
libc_cv_cc_no_fp_builtin_inexact=-fno-fp-int-builtin-inexact
libc_cv_cc_nofma=-ffp-contract=off
libc_cv_cc_pie_default=yes
libc_cv_cc_signaling_nans=-fsignaling-nans
libc_cv_cc_wfree_labels=-Wfree-labels
libc_cv_cc_wimplicit_fallthrough=-Wimplicit-fallthrough
libc_cv_cc_with_libunwind=no
libc_cv_cc_wmissing_parameter_name=-Wmissing-parameter-name
libc_cv_cc_x86_inline_fmod=yes
libc_cv_cc_x86_inline_trunc=no
libc_cv_cc_x86_libgcc_cmp_return_attribute=yes
libc_cv_cflags_wno_discarded_qualifiers=-Wno-discarded-qualifiers
libc_cv_compiler_default_cet=no
libc_cv_compiler_default_file_offset_bits=no
libc_cv_compiler_default_time_bits=no
libc_cv_compiler_ok=yes
libc_cv_complocaledir='${exec_prefix}/lib/locale'
libc_cv_cxx_link_ok=yes
libc_cv_cxx_thread_local=yes
libc_cv_dt_relr=yes
libc_cv_fortify_source=no
libc_cv_fpie=yes
libc_cv_gcc_builtin_memset=yes
libc_cv_gcc_has_64b_atomics=yes
libc_cv_gcc_incompatible_alias=yes
libc_cv_gcc_indirect_function=yes
libc_cv_gcc_unwind_find_fde=no
libc_cv_gnu_retain=yes
libc_cv_has_glob_dat=yes
libc_cv_have_libgcc_s=yes
libc_cv_have_sdata_section=no
libc_cv_have_section_quotes=no
libc_cv_have_test_cc_cflags_mfpmath_387=yes
libc_cv_have_x86_isa_level=baseline
libc_cv_have_x86_lahf_sahf=no
libc_cv_have_x86_movbe=no
libc_cv_idn=no
libc_cv_include_x86_isa_level=yes
libc_cv_insert=yes
libc_cv_ld_gnu_indirect_function=yes
libc_cv_ld_undefined_version=-Wl,--undefined-version
libc_cv_linux320='3.2.0 or later'
libc_cv_load_address_ldflag=-Wl,-Ttext-segment
libc_cv_localstatedir=/var
libc_cv_multidir=.
libc_cv_no_dynamic_linker=yes
libc_cv_pde_load_address=0x0000000000400000
libc_cv_pic_default=yes
libc_cv_pie_supported=yes
libc_cv_protected_data=no
libc_cv_rootsbindir=/sbin
libc_cv_rtlddir=/lib64
libc_cv_slibdir=/lib64
libc_cv_ssp=yes
libc_cv_ssp_all=yes
libc_cv_ssp_strong=yes
libc_cv_static_pie=yes
libc_cv_static_pie_supported=yes
libc_cv_support_sframe=yes
libc_cv_supported_fortify_source=3
libc_cv_symver_needs_alias=no
libc_cv_sysconfdir=/etc
libc_cv_test_cc_cflags_fno_direct_access_external_data=no
libc_cv_test_cc_cflags_fsemantic_interposition=yes
libc_cv_test_cc_cflags_mno_direct_extern_access=yes
libc_cv_test_cc_cflags_no_direct_extern_access=-mno-direct-extern-access
libc_cv_test_cc_float_store=-ffloat-store
libc_cv_test_cc_loop_to_function=yes
libc_cv_test_cc_mprefer_vector_width=yes
libc_cv_test_cc_no_fp_builtin_inexact=-fno-fp-int-builtin-inexact
libc_cv_test_cc_signaling_nans=-fsignaling-nans
libc_cv_test_cc_trampolines=yes
libc_cv_test_cc_wfree_labels=-Wfree-labels
libc_cv_test_cc_wimplicit_fallthrough=-Wimplicit-fallthrough
libc_cv_test_cc_wmissing_parameter_name=-Wmissing-parameter-name
libc_cv_test_cflags_finput_charset_ascii=-finput-charset=ascii
libc_cv_test_cflags_wno_fortify_source=-Wno-fortify-source
libc_cv_test_cflags_wno_restrict=-Wno-restrict
libc_cv_test_clang=no
libc_cv_test_clangxx=no
libc_cv_test_cxxflags_finput_charset_ascii=-finput-charset=ascii
libc_cv_test_depaudit=yes
libc_cv_test_mtls_descriptor=gnu2
libc_cv_test_mtls_traditional=gnu
libc_cv_test_no_error_execstack=yes
libc_cv_test_ssp=yes
libc_cv_test_static_pie=yes
libc_cv_test_stb_gnu_unique=yes
libc_cv_test_supported_fortify_source=3
libc_cv_test_x86_have_amx_tile=yes
libc_cv_textrel_ifunc=yes
libc_cv_with_fp=yes
libc_cv_with_lld=no
libc_cv_wno_maybe_uninitialized=-Wno-maybe-uninitialized
libc_cv_x32=no
libc_cv_x86_have_apx=no
libc_cv_z_execstack=yes
libc_cv_z_mark_plt=yes
libc_cv_z_start_stop_gc=yes

## ----------------- ##
## Output variables. ##
## ----------------- ##

AR='ar'
ASFLAGS_config=' -Wa,--noexecstack'
AUTOCONF='no'
AWK='gawk'
BASH_SHELL='/bin/bash'
BISON='bison'
BUILD_CC=''
CC='gcc'
CFLAGS='-g -O2'
CPP='gcc -E'
CPPFLAGS=''
CXX='g++'
CXXFLAGS='-g -O2'
CXX_BITS_STD_ABS_H='/usr/include/c++/15.2.1/bits/std_abs.h'
CXX_CMATH_HEADER='/usr/include/c++/15.2.1/cmath'
CXX_CSTDLIB_HEADER='/usr/include/c++/15.2.1/cstdlib'
CXX_SYSINCLUDES=''
DEFINES=''
DEFS='-DHAVE_CONFIG_H'
ECHO_C=''
ECHO_N='-n'
ECHO_T=''
GPROF='gprof'
INSTALL_DATA='${INSTALL} -m 644'
INSTALL_INFO='/bin/install-info'
INSTALL_PROGRAM='${INSTALL}'
INSTALL_SCRIPT='${INSTALL}'
LD='ld'
LDFLAGS=''
LIBGD='yes'
LIBOBJS=''
LIBS=''
LN_S='ln -s'
LTLIBOBJS=''
MAKE='make'
MAKEINFO='makeinfo'
MSGFMT='msgfmt'
NM='nm'
OBJCOPY='objcopy'
OBJDUMP='objdump'
OBJEXT='o'
PACKAGE_BUGREPORT='https://sourceware.org/bugzilla/'
PACKAGE_NAME='GNU C Library'
PACKAGE_STRING='GNU C Library (see version.h)'
PACKAGE_TARNAME='glibc'
PACKAGE_URL='https://www.gnu.org/software/glibc/'
PACKAGE_VERSION='(see version.h)'
PATH_SEPARATOR=':'
PERL='/bin/perl'
PKGVERSION='(GNU libc) '
PKGVERSION_TEXI='(GNU libc) '
PYTHON='python3 -B'
PYTHON_PROG='python3'
READELF='readelf'
RELEASE='stable'
REPORT_BUGS_TEXI='@uref{https://www.gnu.org/software/libc/bugs.html}'
REPORT_BUGS_TO='<https://www.gnu.org/software/libc/bugs.html>'
SED='sed'
SHELL='/bin/sh'
STRIP='strip'
SYSINCLUDES=''
TEST_CC='gcc'
TEST_CXX='g++'
VERSION='2.43'
ac_ct_CC='gcc'
ac_ct_CXX='g++'
base_machine='x86_64'
bindir='${exec_prefix}/bin'
bindnow='no'
build='x86_64-pc-linux-gnu'
build_alias=''
build_cpu='x86_64'
build_nscd='yes'
build_os='linux-gnu'
build_pt_chown='no'
build_vendor='pc'
cross_compiling='no'
datadir='${datarootdir}'
datarootdir='${prefix}/share'
docdir='${datarootdir}/doc/${PACKAGE_TARNAME}'
dvidir='${docdir}'
enable_fortify_source='no'
enable_timezone_tools='yes'
enable_werror='yes'
exec_prefix='${prefix}'
extra_nonshared_cflags=''
force_install='yes'
fortify_source='-U_FORTIFY_SOURCE'
hardcoded_path_in_tests='no'
have_libaudit='yes'
have_libcap='yes'
have_selinux='yes'
host='x86_64-pc-linux-gnu'
host_alias=''
host_cpu='x86_64'
host_os='linux-gnu'
host_vendor='pc'
htmldir='${docdir}'
includedir='${prefix}/include'
infodir='${datarootdir}/info'
ldd_rewrite_script='sysdeps/unix/sysv/linux/x86_64/ldd-rewrite.sed'
libc_cv_cc_loop_to_function='yes'
libc_cv_cc_nofma='-ffp-contract=off'
libc_cv_cc_submachine=''
libc_cv_cc_with_libunwind='no'
libc_cv_complocaledir='${exec_prefix}/lib/locale'
libc_cv_cxx_thread_local='yes'
libc_cv_fortify_source='no'
libc_cv_fpie='yes'
libc_cv_gcc_unwind_find_fde='no'
libc_cv_has_glob_dat='yes'
libc_cv_insert='yes'
libc_cv_localstatedir='/var'
libc_cv_multidir='.'
libc_cv_protected_data='no'
libc_cv_rootsbindir='/sbin'
libc_cv_rtlddir='/lib64'
libc_cv_slibdir='/lib64'
libc_cv_ssp='yes'
libc_cv_sysconfdir='/etc'
libc_cv_test_cc_mprefer_vector_width='yes'
libc_cv_test_cc_signaling_nans='-fsignaling-nans'
libc_cv_test_cc_wfree_labels='-Wfree-labels'
libc_cv_test_cc_wimplicit_fallthrough='-Wimplicit-fallthrough'
libc_cv_test_cc_wmissing_parameter_name='-Wmissing-parameter-name'
libc_cv_test_no_error_execstack='yes'
libc_cv_test_static_pie='yes'
libc_cv_test_supported_fortify_source='3'
libc_cv_textrel_ifunc='yes'
libc_cv_with_fp='yes'
libc_cv_z_execstack='yes'
libc_extra_cflags=''
libc_extra_cppflags=''
libdir='${exec_prefix}/lib64'
libexecdir='${exec_prefix}/libexec'
localedir='${datarootdir}/locale'
localstatedir='${prefix}/var'
mach_interface_list=''
man_pages_version='6.9.1'
mandir='${datarootdir}/man'
memory_tagging='no'
multi_arch='default'
no_file_offset_bits_source=''
no_fortify_source='-U_FORTIFY_SOURCE'
no_stack_protector='-fno-stack-protector -DSTACK_PROTECTOR_LEVEL=0'
no_time_bits_source=''
oldincludedir='/usr/include'
pdfdir='${docdir}'
prefix='/usr'
profile='no'
program_transform_name='s,x,x,'
psdir='${docdir}'
pthread_in_libc='yes'
rtld_early_cflags=''
runstatedir='${localstatedir}/run'
sbindir='${exec_prefix}/sbin'
shared='yes'
sharedstatedir='${prefix}/com'
stack_protector='-fno-stack-protector'
static=''
static_nss='no'
subdirs=' '
submachine=''
sysconfdir='${prefix}/etc'
sysheaders=''
sysnames=' sysdeps/unix/sysv/linux/x86_64/64 sysdeps/x86_64/64/nptl sysdeps/unix/sysv/linux/x86_64 sysdeps/unix/sysv/linux/x86 sysdeps/x86/nptl sysdeps/unix/sysv/linux/wordsize-64 sysdeps/x86_64/nptl sysdeps/unix/sysv/linux sysdeps/nptl sysdeps/pthread sysdeps/gnu sysdeps/unix/inet sysdeps/unix/sysv sysdeps/unix/x86_64 sysdeps/unix sysdeps/posix sysdeps/x86_64/64 sysdeps/x86_64/fpu/multiarch sysdeps/x86_64/fpu sysdeps/x86/fpu sysdeps/x86_64/multiarch sysdeps/x86_64 sysdeps/x86 sysdeps/ieee754/float128 sysdeps/ieee754/ldbl-96 sysdeps/ieee754/dbl-64 sysdeps/ieee754/flt-32 sysdeps/wordsize-64 sysdeps/ieee754 sysdeps/generic'
target_alias=''
test_enable_cet='no'
use_ldconfig='yes'
use_nscd='yes'

## ----------- ##
## confdefs.h. ##
## ----------- ##

/* confdefs.h */
#define PACKAGE_NAME "GNU C Library"
#define PACKAGE_TARNAME "glibc"
#define PACKAGE_VERSION "(see version.h)"
#define PACKAGE_STRING "GNU C Library (see version.h)"
#define PACKAGE_BUGREPORT "https://sourceware.org/bugzilla/"
#define PACKAGE_URL "https://www.gnu.org/software/glibc/"
#define PKGVERSION "(GNU libc) "
#define REPORT_BUGS_TO "<https://www.gnu.org/software/libc/bugs.html>"
#define TIMEOUTFACTOR 1
#define USE_PPC_SCV 1
#define HAVE_CC_NO_STACK_PROTECTOR 1
#define HAVE_TEST_CC_NO_STACK_PROTECTOR 1
#define STACK_PROTECTOR_LEVEL 0
#define HAVE_GNU_RETAIN 1
#define USE_MULTIARCH 1
#define HAVE_ASM_SET_DIRECTIVE 1
#define HAVE_BUILTIN_MEMSET 1
#define HAVE_64B_ATOMICS 1
#define HAVE_CC_INHIBIT_LOOP_TO_LIBCALL 1
#define HAVE_TEST_CC_INHIBIT_LOOP_TO_LIBCALL 1
#define HAVE_SELINUX 1
#define HAVE_LIBAUDIT 1
#define HAVE_LIBCAP 1
#define HAVE_BUILTIN_TRAP 1
#define __LINUX_KERNEL_VERSION (3 * 65536 + 2 * 256 + 0)
#define __LINUX_KERNEL_VERSION_STR "3.2.0"
#define __ABI_TAG_VERSION 3,2,0
#define HAVE_INLINED_SYSCALLS 1
#define INCLUDE_X86_ISA_LEVEL 1
#define MINIMUM_X86_ISA_LEVEL 1
#define HAVE_X86_INLINE_TRUNC 0
#define HAVE_X86_LIBGCC_CMP_RETURN_ATTR 1
#define HAVE_X86_INLINE_FMOD 1
#define SUPPORT_STATIC_PIE 1
#define HAVE_IFUNC 1
#define HAVE_GCC_IFUNC 1
#define USE_NSCD 1
#define USE_LDCONFIG 1
#define ENABLE_STATIC_PIE 1
#define PTHREAD_IN_LIBC 1
#define ATTR_AFTER_FUNC_DECL 1

configure: exit 0
