This file contains any messages produced by compilers while
running configure, to aid debugging if configure makes a mistake.

It was created by GNU C Library configure (see version.h), which was
generated by GNU Autoconf 2.72.  Invocation command line was

  $ ./configure

## --------- ##
## Platform. ##
## --------- ##

hostname = archlinux
uname -m = x86_64
uname -r = 6.19.12-zen1-1-zen
uname -s = Linux
uname -v = #1 ZEN SMP PREEMPT_DYNAMIC Sat, 11 Apr 2026 22:36:16 +0000

/usr/bin/uname -p = unknown
/bin/uname -X     = unknown

/bin/arch              = unknown
/usr/bin/arch -k       = unknown
/usr/convex/getsysinfo = unknown
/usr/bin/hostinfo      = unknown
/bin/machine           = unknown
/usr/bin/oslevel       = unknown
/bin/universe          = unknown

PATH: /home/nestos/.pyenv/shims/
PATH: /bin/
PATH: /home/nestos/.npm-global/bin/
PATH: /home/nestos/.local/bin/
PATH: /home/nestos/.local/share/gem/ruby/3.3.0/bin/
PATH: /bin/
PATH: /home/nestos/.npm-global/bin/
PATH: /home/nestos/.local/bin/
PATH: /home/nestos/.local/share/gem/ruby/3.3.0/bin/
PATH: /usr/local/sbin/
PATH: /usr/local/bin/
PATH: /usr/bin/
PATH: /home/nestos/.local/share/flatpak/exports/bin/
PATH: /var/lib/flatpak/exports/bin/
PATH: /usr/lib/jvm/default/bin/
PATH: /usr/bin/site_perl/
PATH: /usr/bin/vendor_perl/
PATH: /usr/bin/core_perl/
PATH: /usr/lib/rustup/bin/
PATH: /home/nestos/.exa/bin/


## ----------- ##
## Core tests. ##
## ----------- ##

configure:2695: looking for aux files: install-sh config.guess config.sub
configure:2708:  trying ./scripts/
configure:2719:   ./scripts/install-sh found
configure:2737:   ./scripts/config.guess found
configure:2737:   ./scripts/config.sub found
configure:2937: checking build system type
configure:2953: result: x86_64-pc-linux-gnu
configure:2973: checking host system type
configure:2988: result: x86_64-pc-linux-gnu
configure:3072: checking for gcc
configure:3093: found /bin/gcc
configure:3105: result: gcc
configure:3464: checking for C compiler version
configure:3473: gcc --version >&5
gcc (GCC) 15.2.1 20260209
Copyright (C) 2025 Free Software Foundation, Inc.
This is free software; see the source for copying conditions.  There is NO
warranty; not even for MERCHANTABILITY or FITNESS FOR A PARTICULAR PURPOSE.

configure:3484: $? = 0
configure:3473: gcc -v >&5
Using built-in specs.
COLLECT_GCC=gcc
COLLECT_LTO_WRAPPER=/usr/lib/gcc/x86_64-pc-linux-gnu/15.2.1/lto-wrapper
Target: x86_64-pc-linux-gnu
Configured with: /build/gcc/src/gcc/configure --enable-languages=ada,c,c++,d,fortran,go,lto,m2,objc,obj-c++,rust,cobol --enable-bootstrap --prefix=/usr --libdir=/usr/lib --libexecdir=/usr/lib --mandir=/usr/share/man --infodir=/usr/share/info --with-bugurl=https://gitlab.archlinux.org/archlinux/packaging/packages/gcc/-/issues --with-build-config=bootstrap-lto --with-linker-hash-style=gnu --with-system-zlib --enable-__cxa_atexit --enable-cet=auto --enable-checking=release --enable-clocale=gnu --enable-default-pie --enable-default-ssp --enable-gnu-indirect-function --enable-gnu-unique-object --enable-libstdcxx-backtrace --enable-link-serialization=1 --enable-linker-build-id --enable-lto --enable-multilib --enable-plugin --enable-shared --enable-threads=posix --disable-libssp --disable-libstdcxx-pch --disable-werror
Thread model: posix
Supported LTO compression algorithms: zlib zstd
gcc version 15.2.1 20260209 (GCC) 
configure:3484: $? = 0
configure:3473: gcc -V >&5
gcc: error: unrecognized command-line option '-V'
gcc: fatal error: no input files
compilation terminated.
configure:3484: $? = 1
configure:3473: gcc -qversion >&5
gcc: error: unrecognized command-line option '-qversion'; did you mean '--version'?
gcc: fatal error: no input files
compilation terminated.
configure:3484: $? = 1
configure:3473: gcc -version >&5
gcc: error: unrecognized command-line option '-version'
gcc: fatal error: no input files
compilation terminated.
configure:3484: $? = 1
configure:3489: checking for suffix of object files
configure:3512: gcc -c   conftest.c >&5
configure:3516: $? = 0
configure:3540: result: o
configure:3544: checking whether the compiler supports GNU C
configure:3564: gcc -c   conftest.c >&5
configure:3564: $? = 0
configure:3576: result: yes
configure:3587: checking whether gcc accepts -g
configure:3608: gcc -c -g  conftest.c >&5
configure:3608: $? = 0
configure:3655: result: yes
configure:3675: checking for gcc option to enable C11 features
configure:3690: gcc  -c -g -O2  conftest.c >&5
configure:3690: $? = 0
configure:3709: result: none needed
configure:3987: checking for g++
configure:4008: found /bin/g++
configure:4020: result: g++
configure:4047: checking for C++ compiler version
configure:4056: g++ --version >&5
g++ (GCC) 15.2.1 20260209
Copyright (C) 2025 Free Software Foundation, Inc.
This is free software; see the source for copying conditions.  There is NO
warranty; not even for MERCHANTABILITY or FITNESS FOR A PARTICULAR PURPOSE.

configure:4067: $? = 0
configure:4056: g++ -v >&5
Using built-in specs.
COLLECT_GCC=g++
COLLECT_LTO_WRAPPER=/usr/lib/gcc/x86_64-pc-linux-gnu/15.2.1/lto-wrapper
Target: x86_64-pc-linux-gnu
Configured with: /build/gcc/src/gcc/configure --enable-languages=ada,c,c++,d,fortran,go,lto,m2,objc,obj-c++,rust,cobol --enable-bootstrap --prefix=/usr --libdir=/usr/lib --libexecdir=/usr/lib --mandir=/usr/share/man --infodir=/usr/share/info --with-bugurl=https://gitlab.archlinux.org/archlinux/packaging/packages/gcc/-/issues --with-build-config=bootstrap-lto --with-linker-hash-style=gnu --with-system-zlib --enable-__cxa_atexit --enable-cet=auto --enable-checking=release --enable-clocale=gnu --enable-default-pie --enable-default-ssp --enable-gnu-indirect-function --enable-gnu-unique-object --enable-libstdcxx-backtrace --enable-link-serialization=1 --enable-linker-build-id --enable-lto --enable-multilib --enable-plugin --enable-shared --enable-threads=posix --disable-libssp --disable-libstdcxx-pch --disable-werror
Thread model: posix
Supported LTO compression algorithms: zlib zstd
gcc version 15.2.1 20260209 (GCC) 
configure:4067: $? = 0
configure:4056: g++ -V >&5
g++: error: unrecognized command-line option '-V'
g++: fatal error: no input files
compilation terminated.
configure:4067: $? = 1
configure:4056: g++ -qversion >&5
g++: error: unrecognized command-line option '-qversion'; did you mean '--version'?
g++: fatal error: no input files
compilation terminated.
configure:4067: $? = 1
configure:4071: checking whether the compiler supports GNU C++
configure:4091: g++ -c   conftest.cpp >&5
configure:4091: $? = 0
configure:4103: result: yes
configure:4114: checking whether g++ accepts -g
configure:4135: g++ -c -g  conftest.cpp >&5
configure:4135: $? = 0
configure:4182: result: yes
configure:4202: checking for g++ option to enable C++11 features
configure:4217: g++  -c -g -O2  conftest.cpp >&5
conftest.cpp: In function 'int main(int, char**)':
conftest.cpp:177:25: warning: empty parentheses were disambiguated as a function declaration [-Wvexing-parse]
  177 |   cxx11test::delegate d2();
      |                         ^~
conftest.cpp:177:25: note: remove parentheses to default-initialize a variable
  177 |   cxx11test::delegate d2();
      |                         ^~
      |                         --
conftest.cpp:177:25: note: or replace parentheses with braces to value-initialize a variable
configure:4217: $? = 0
configure:4236: result: none needed
configure:4314: checking whether g++ can link programs
configure:4338: g++ -o conftest -g -O2   conftest.cpp  >&5
configure:4338: $? = 0
configure:4364: g++ -o conftest -g -O2   -static conftest.cpp  >&5
configure:4364: $? = 0
configure:4383: result: yes
configure:4392: error: you must configure in a separate build directory

## ---------------- ##
## Cache variables. ##
## ---------------- ##

ac_cv_build=x86_64-pc-linux-gnu
ac_cv_c_compiler_gnu=yes
ac_cv_cxx_compiler_gnu=yes
ac_cv_env_CCC_set=
ac_cv_env_CCC_value=
ac_cv_env_CC_set=
ac_cv_env_CC_value=
ac_cv_env_CFLAGS_set=
ac_cv_env_CFLAGS_value=
ac_cv_env_CPPFLAGS_set=
ac_cv_env_CPPFLAGS_value=
ac_cv_env_CPP_set=
ac_cv_env_CPP_value=
ac_cv_env_CXXFLAGS_set=
ac_cv_env_CXXFLAGS_value=
ac_cv_env_CXX_set=
ac_cv_env_CXX_value=
ac_cv_env_LDFLAGS_set=
ac_cv_env_LDFLAGS_value=
ac_cv_env_LIBS_set=
ac_cv_env_LIBS_value=
ac_cv_env_TEST_CC_set=
ac_cv_env_TEST_CC_value=
ac_cv_env_TEST_CXX_set=
ac_cv_env_TEST_CXX_value=
ac_cv_env_build_alias_set=
ac_cv_env_build_alias_value=
ac_cv_env_host_alias_set=
ac_cv_env_host_alias_value=
ac_cv_env_target_alias_set=
ac_cv_env_target_alias_value=
ac_cv_host=x86_64-pc-linux-gnu
ac_cv_objext=o
ac_cv_prog_ac_ct_CC=gcc
ac_cv_prog_ac_ct_CXX=g++
ac_cv_prog_cc_c11=
ac_cv_prog_cc_g=yes
ac_cv_prog_cc_stdc=
ac_cv_prog_cxx_cxx11=
ac_cv_prog_cxx_g=yes
ac_cv_prog_cxx_stdcxx=
libc_cv_cxx_link_ok=yes

## ----------------- ##
## Output variables. ##
## ----------------- ##

AR=''
ASFLAGS_config=''
AUTOCONF=''
AWK=''
BASH_SHELL=''
BISON=''
BUILD_CC=''
CC='gcc'
CFLAGS='-g -O2'
CPP='gcc -E'
CPPFLAGS=''
CXX='g++'
CXXFLAGS='-g -O2'
CXX_BITS_STD_ABS_H=''
CXX_CMATH_HEADER=''
CXX_CSTDLIB_HEADER=''
CXX_SYSINCLUDES=''
DEFINES=''
DEFS=''
ECHO_C=''
ECHO_N='-n'
ECHO_T=''
GPROF=''
INSTALL_DATA=''
INSTALL_INFO=''
INSTALL_PROGRAM=''
INSTALL_SCRIPT=''
LD=''
LDFLAGS=''
LIBGD=''
LIBOBJS=''
LIBS=''
LN_S=''
LTLIBOBJS=''
MAKE=''
MAKEINFO=''
MSGFMT=''
NM=''
OBJCOPY=''
OBJDUMP=''
OBJEXT='o'
PACKAGE_BUGREPORT='https://sourceware.org/bugzilla/'
PACKAGE_NAME='GNU C Library'
PACKAGE_STRING='GNU C Library (see version.h)'
PACKAGE_TARNAME='glibc'
PACKAGE_URL='https://www.gnu.org/software/glibc/'
PACKAGE_VERSION='(see version.h)'
PATH_SEPARATOR=':'
PERL=''
PKGVERSION='(GNU libc) '
PKGVERSION_TEXI='(GNU libc) '
PYTHON=''
PYTHON_PROG=''
READELF=''
RELEASE=''
REPORT_BUGS_TEXI='@uref{https://www.gnu.org/software/libc/bugs.html}'
REPORT_BUGS_TO='<https://www.gnu.org/software/libc/bugs.html>'
SED=''
SHELL='/bin/sh'
STRIP=''
SYSINCLUDES=''
TEST_CC='gcc'
TEST_CXX='g++'
VERSION=''
ac_ct_CC='gcc'
ac_ct_CXX='g++'
base_machine=''
bindir='${exec_prefix}/bin'
bindnow=''
build='x86_64-pc-linux-gnu'
build_alias=''
build_cpu='x86_64'
build_nscd=''
build_os='linux-gnu'
build_pt_chown=''
build_vendor='pc'
cross_compiling='no'
datadir='${datarootdir}'
datarootdir='${prefix}/share'
docdir='${datarootdir}/doc/${PACKAGE_TARNAME}'
dvidir='${docdir}'
enable_fortify_source=''
enable_timezone_tools=''
enable_werror=''
exec_prefix='NONE'
extra_nonshared_cflags=''
force_install=''
fortify_source=''
hardcoded_path_in_tests=''
have_libaudit=''
have_libcap=''
have_selinux=''
host='x86_64-pc-linux-gnu'
host_alias=''
host_cpu='x86_64'
host_os='linux-gnu'
host_vendor='pc'
htmldir='${docdir}'
includedir='${prefix}/include'
infodir='${datarootdir}/info'
ldd_rewrite_script=''
libc_cv_cc_loop_to_function=''
libc_cv_cc_nofma=''
libc_cv_cc_submachine=''
libc_cv_cc_with_libunwind=''
libc_cv_complocaledir=''
libc_cv_cxx_thread_local=''
libc_cv_fortify_source=''
libc_cv_fpie=''
libc_cv_gcc_unwind_find_fde=''
libc_cv_has_glob_dat=''
libc_cv_insert=''
libc_cv_localstatedir=''
libc_cv_multidir=''
libc_cv_protected_data=''
libc_cv_rootsbindir=''
libc_cv_rtlddir=''
libc_cv_slibdir=''
libc_cv_ssp=''
libc_cv_sysconfdir=''
libc_cv_test_cc_mprefer_vector_width=''
libc_cv_test_cc_signaling_nans=''
libc_cv_test_cc_wfree_labels=''
libc_cv_test_cc_wimplicit_fallthrough=''
libc_cv_test_cc_wmissing_parameter_name=''
libc_cv_test_no_error_execstack=''
libc_cv_test_static_pie=''
libc_cv_test_supported_fortify_source=''
libc_cv_textrel_ifunc=''
libc_cv_with_fp=''
libc_cv_z_execstack=''
libc_extra_cflags=''
libc_extra_cppflags=''
libdir='${exec_prefix}/lib'
libexecdir='${exec_prefix}/libexec'
localedir='${datarootdir}/locale'
localstatedir='${prefix}/var'
mach_interface_list=''
man_pages_version=''
mandir='${datarootdir}/man'
memory_tagging=''
multi_arch=''
no_file_offset_bits_source=''
no_fortify_source=''
no_stack_protector=''
no_time_bits_source=''
oldincludedir='/usr/include'
pdfdir='${docdir}'
prefix='NONE'
profile=''
program_transform_name='s,x,x,'
psdir='${docdir}'
pthread_in_libc=''
rtld_early_cflags=''
runstatedir='${localstatedir}/run'
sbindir='${exec_prefix}/sbin'
shared=''
sharedstatedir='${prefix}/com'
stack_protector=''
static=''
static_nss=''
subdirs=' '
submachine=''
sysconfdir='${prefix}/etc'
sysheaders=''
sysnames=''
target_alias=''
test_enable_cet=''
use_ldconfig=''
use_nscd=''

## ----------- ##
## confdefs.h. ##
## ----------- ##

/* confdefs.h */
#define PACKAGE_NAME "GNU C Library"
#define PACKAGE_TARNAME "glibc"
#define PACKAGE_VERSION "(see version.h)"
#define PACKAGE_STRING "GNU C Library (see version.h)"
#define PACKAGE_BUGREPORT "https://sourceware.org/bugzilla/"
#define PACKAGE_URL "https://www.gnu.org/software/glibc/"
#define PKGVERSION "(GNU libc) "
#define REPORT_BUGS_TO "<https://www.gnu.org/software/libc/bugs.html>"

configure: exit 1
